[DEBUG][22-01-12][org.apache.ibatis.logging.LogFactory]Logging initialized using 'class org.apache.ibatis.logging.log4j.Log4jImpl' adapter.
[DEBUG][22-01-12][org.apache.ibatis.datasource.pooled.PooledDataSource]PooledDataSource forcefully closed/removed all connections.
[DEBUG][22-01-12][org.apache.ibatis.datasource.pooled.PooledDataSource]PooledDataSource forcefully closed/removed all connections.
[DEBUG][22-01-12][org.apache.ibatis.datasource.pooled.PooledDataSource]PooledDataSource forcefully closed/removed all connections.
[DEBUG][22-01-12][org.apache.ibatis.datasource.pooled.PooledDataSource]PooledDataSource forcefully closed/removed all connections.
[DEBUG][22-01-12][org.apache.ibatis.transaction.jdbc.JdbcTransaction]Opening JDBC Connection
[DEBUG][22-01-12][org.apache.ibatis.datasource.pooled.PooledDataSource]Created connection 23792358.
[DEBUG][22-01-12][org.apache.ibatis.transaction.jdbc.JdbcTransaction]Setting autocommit to false on JDBC Connection [com.mysql.cj.jdbc.ConnectionImpl@16b0ae6]
[DEBUG][22-01-12][com.mybatis.mapper.UserInfoDao.getUserInfo]==>  Preparing: Select * from userinfo
[DEBUG][22-01-12][com.mybatis.mapper.UserInfoDao.getUserInfo]==> Parameters: 
[DEBUG][22-01-12][com.mybatis.mapper.UserInfoDao.getUserInfo]<==      Total: 6
[DEBUG][22-01-12][org.apache.ibatis.transaction.jdbc.JdbcTransaction]Resetting autocommit to true on JDBC Connection [com.mysql.cj.jdbc.ConnectionImpl@16b0ae6]
[DEBUG][22-01-12][org.apache.ibatis.transaction.jdbc.JdbcTransaction]Closing JDBC Connection [com.mysql.cj.jdbc.ConnectionImpl@16b0ae6]
[DEBUG][22-01-12][org.apache.ibatis.datasource.pooled.PooledDataSource]Returned connection 23792358 to pool.
[DEBUG][22-01-12][org.apache.ibatis.logging.LogFactory]Logging initialized using 'class org.apache.ibatis.logging.log4j.Log4jImpl' adapter.
[DEBUG][22-01-12][org.apache.ibatis.datasource.pooled.PooledDataSource]PooledDataSource forcefully closed/removed all connections.
[DEBUG][22-01-12][org.apache.ibatis.datasource.pooled.PooledDataSource]PooledDataSource forcefully closed/removed all connections.
[DEBUG][22-01-12][org.apache.ibatis.datasource.pooled.PooledDataSource]PooledDataSource forcefully closed/removed all connections.
[DEBUG][22-01-12][org.apache.ibatis.datasource.pooled.PooledDataSource]PooledDataSource forcefully closed/removed all connections.
[DEBUG][22-01-12][org.apache.ibatis.transaction.jdbc.JdbcTransaction]Opening JDBC Connection
[DEBUG][22-01-12][org.apache.ibatis.datasource.pooled.PooledDataSource]Created connection 33169939.
[DEBUG][22-01-12][org.apache.ibatis.transaction.jdbc.JdbcTransaction]Setting autocommit to false on JDBC Connection [com.mysql.cj.jdbc.ConnectionImpl@1fa2213]
[DEBUG][22-01-12][com.mybatis.mapper.UserInfoDao.getUserInfo]==>  Preparing: Select * from userinfo
[DEBUG][22-01-12][com.mybatis.mapper.UserInfoDao.getUserInfo]==> Parameters: 
[DEBUG][22-01-12][com.mybatis.mapper.UserInfoDao.getUserInfo]<==      Total: 6
[DEBUG][22-01-12][org.apache.ibatis.transaction.jdbc.JdbcTransaction]Resetting autocommit to true on JDBC Connection [com.mysql.cj.jdbc.ConnectionImpl@1fa2213]
[DEBUG][22-01-12][org.apache.ibatis.transaction.jdbc.JdbcTransaction]Closing JDBC Connection [com.mysql.cj.jdbc.ConnectionImpl@1fa2213]
[DEBUG][22-01-12][org.apache.ibatis.datasource.pooled.PooledDataSource]Returned connection 33169939 to pool.
[DEBUG][22-01-12][org.apache.ibatis.logging.LogFactory]Logging initialized using 'class org.apache.ibatis.logging.log4j.Log4jImpl' adapter.
[DEBUG][22-01-12][org.apache.ibatis.datasource.pooled.PooledDataSource]PooledDataSource forcefully closed/removed all connections.
[DEBUG][22-01-12][org.apache.ibatis.datasource.pooled.PooledDataSource]PooledDataSource forcefully closed/removed all connections.
[DEBUG][22-01-12][org.apache.ibatis.datasource.pooled.PooledDataSource]PooledDataSource forcefully closed/removed all connections.
[DEBUG][22-01-12][org.apache.ibatis.datasource.pooled.PooledDataSource]PooledDataSource forcefully closed/removed all connections.
[DEBUG][22-01-12][org.apache.ibatis.transaction.jdbc.JdbcTransaction]Opening JDBC Connection
[DEBUG][22-01-12][org.apache.ibatis.datasource.pooled.PooledDataSource]Created connection 25810699.
[DEBUG][22-01-12][org.apache.ibatis.transaction.jdbc.JdbcTransaction]Setting autocommit to false on JDBC Connection [com.mysql.cj.jdbc.ConnectionImpl@189d70b]
[DEBUG][22-01-12][com.mybatis.mapper.UserInfoDao.getUserInfo]==>  Preparing: Select * from userinfo
[DEBUG][22-01-12][com.mybatis.mapper.UserInfoDao.getUserInfo]==> Parameters: 
[DEBUG][22-01-12][com.mybatis.mapper.UserInfoDao.getUserInfo]<==      Total: 6
[DEBUG][22-01-12][org.apache.ibatis.transaction.jdbc.JdbcTransaction]Resetting autocommit to true on JDBC Connection [com.mysql.cj.jdbc.ConnectionImpl@189d70b]
[DEBUG][22-01-12][org.apache.ibatis.transaction.jdbc.JdbcTransaction]Closing JDBC Connection [com.mysql.cj.jdbc.ConnectionImpl@189d70b]
[DEBUG][22-01-12][org.apache.ibatis.datasource.pooled.PooledDataSource]Returned connection 25810699 to pool.
[DEBUG][22-01-12][org.apache.ibatis.logging.LogFactory]Logging initialized using 'class org.apache.ibatis.logging.log4j.Log4jImpl' adapter.
[DEBUG][22-01-12][org.apache.ibatis.datasource.pooled.PooledDataSource]PooledDataSource forcefully closed/removed all connections.
[DEBUG][22-01-12][org.apache.ibatis.datasource.pooled.PooledDataSource]PooledDataSource forcefully closed/removed all connections.
[DEBUG][22-01-12][org.apache.ibatis.datasource.pooled.PooledDataSource]PooledDataSource forcefully closed/removed all connections.
[DEBUG][22-01-12][org.apache.ibatis.datasource.pooled.PooledDataSource]PooledDataSource forcefully closed/removed all connections.
[DEBUG][22-01-12][org.apache.ibatis.transaction.jdbc.JdbcTransaction]Opening JDBC Connection
[DEBUG][22-01-12][org.apache.ibatis.datasource.pooled.PooledDataSource]Created connection 33169939.
[DEBUG][22-01-12][org.apache.ibatis.transaction.jdbc.JdbcTransaction]Setting autocommit to false on JDBC Connection [com.mysql.cj.jdbc.ConnectionImpl@1fa2213]
[DEBUG][22-01-12][com.mybatis.mapper.UserInfoDao.getUserInfo]==>  Preparing: Select * from userinfo
[DEBUG][22-01-12][com.mybatis.mapper.UserInfoDao.getUserInfo]==> Parameters: 
[DEBUG][22-01-12][com.mybatis.mapper.UserInfoDao.getUserInfo]<==      Total: 6
[DEBUG][22-01-12][org.apache.ibatis.transaction.jdbc.JdbcTransaction]Resetting autocommit to true on JDBC Connection [com.mysql.cj.jdbc.ConnectionImpl@1fa2213]
[DEBUG][22-01-12][org.apache.ibatis.transaction.jdbc.JdbcTransaction]Closing JDBC Connection [com.mysql.cj.jdbc.ConnectionImpl@1fa2213]
[DEBUG][22-01-12][org.apache.ibatis.datasource.pooled.PooledDataSource]Returned connection 33169939 to pool.
[DEBUG][22-01-12][org.apache.ibatis.logging.LogFactory]Logging initialized using 'class org.apache.ibatis.logging.log4j.Log4jImpl' adapter.
[DEBUG][22-01-12][org.apache.ibatis.datasource.pooled.PooledDataSource]PooledDataSource forcefully closed/removed all connections.
[DEBUG][22-01-12][org.apache.ibatis.datasource.pooled.PooledDataSource]PooledDataSource forcefully closed/removed all connections.
[DEBUG][22-01-12][org.apache.ibatis.datasource.pooled.PooledDataSource]PooledDataSource forcefully closed/removed all connections.
[DEBUG][22-01-12][org.apache.ibatis.datasource.pooled.PooledDataSource]PooledDataSource forcefully closed/removed all connections.
[DEBUG][22-01-12][org.apache.ibatis.transaction.jdbc.JdbcTransaction]Opening JDBC Connection
[DEBUG][22-01-12][org.apache.ibatis.datasource.pooled.PooledDataSource]Created connection 25810699.
[DEBUG][22-01-12][org.apache.ibatis.transaction.jdbc.JdbcTransaction]Setting autocommit to false on JDBC Connection [com.mysql.cj.jdbc.ConnectionImpl@189d70b]
[DEBUG][22-01-12][com.mybatis.mapper.UserInfoDao.getUserInfo]==>  Preparing: Select * from userinfo
[DEBUG][22-01-12][com.mybatis.mapper.UserInfoDao.getUserInfo]==> Parameters: 
[DEBUG][22-01-12][com.mybatis.mapper.UserInfoDao.getUserInfo]<==      Total: 6
[DEBUG][22-01-12][org.apache.ibatis.transaction.jdbc.JdbcTransaction]Resetting autocommit to true on JDBC Connection [com.mysql.cj.jdbc.ConnectionImpl@189d70b]
[DEBUG][22-01-12][org.apache.ibatis.transaction.jdbc.JdbcTransaction]Closing JDBC Connection [com.mysql.cj.jdbc.ConnectionImpl@189d70b]
[DEBUG][22-01-12][org.apache.ibatis.datasource.pooled.PooledDataSource]Returned connection 25810699 to pool.
[DEBUG][22-01-12][org.apache.ibatis.logging.LogFactory]Logging initialized using 'class org.apache.ibatis.logging.log4j.Log4jImpl' adapter.
[DEBUG][22-01-12][org.apache.ibatis.datasource.pooled.PooledDataSource]PooledDataSource forcefully closed/removed all connections.
[DEBUG][22-01-12][org.apache.ibatis.datasource.pooled.PooledDataSource]PooledDataSource forcefully closed/removed all connections.
[DEBUG][22-01-12][org.apache.ibatis.datasource.pooled.PooledDataSource]PooledDataSource forcefully closed/removed all connections.
[DEBUG][22-01-12][org.apache.ibatis.datasource.pooled.PooledDataSource]PooledDataSource forcefully closed/removed all connections.
[DEBUG][22-01-12][org.apache.ibatis.transaction.jdbc.JdbcTransaction]Opening JDBC Connection
[DEBUG][22-01-12][org.apache.ibatis.datasource.pooled.PooledDataSource]Created connection 25810699.
[DEBUG][22-01-12][org.apache.ibatis.transaction.jdbc.JdbcTransaction]Setting autocommit to false on JDBC Connection [com.mysql.cj.jdbc.ConnectionImpl@189d70b]
[DEBUG][22-01-12][com.mybatis.mapper.UserInfoDao.getUserInfo]==>  Preparing: Select * from userinfo
[DEBUG][22-01-12][com.mybatis.mapper.UserInfoDao.getUserInfo]==> Parameters: 
[DEBUG][22-01-12][com.mybatis.mapper.UserInfoDao.getUserInfo]<==      Total: 6
[DEBUG][22-01-12][org.apache.ibatis.transaction.jdbc.JdbcTransaction]Resetting autocommit to true on JDBC Connection [com.mysql.cj.jdbc.ConnectionImpl@189d70b]
[DEBUG][22-01-12][org.apache.ibatis.transaction.jdbc.JdbcTransaction]Closing JDBC Connection [com.mysql.cj.jdbc.ConnectionImpl@189d70b]
[DEBUG][22-01-12][org.apache.ibatis.datasource.pooled.PooledDataSource]Returned connection 25810699 to pool.
